<?xml version="1.0" encoding="UTF-8"?>
<coverage generated="1769507330346" clover="3.2.0">
  <project timestamp="1769507330346" name="All files">
    <metrics statements="43" coveredstatements="43" conditionals="20" coveredconditionals="20" methods="16" coveredmethods="16" elements="79" coveredelements="79" complexity="0" loc="43" ncloc="43" packages="4" files="4" classes="4"/>
    <package name="public.data">
      <metrics statements="0" coveredstatements="0" conditionals="0" coveredconditionals="0" methods="0" coveredmethods="0"/>
      <file name="perfiles.json" path="C:\Users\mati_\Documents\27-01-2026\ConceGas_react-main\public\data\perfiles.json">
        <metrics statements="0" coveredstatements="0" conditionals="0" coveredconditionals="0" methods="0" coveredmethods="0"/>
      </file>
    </package>
    <package name="src.components.layout">
      <metrics statements="1" coveredstatements="1" conditionals="0" coveredconditionals="0" methods="1" coveredmethods="1"/>
      <file name="Footer.tsx" path="C:\Users\mati_\Documents\27-01-2026\ConceGas_react-main\src\components\layout\Footer.tsx">
        <metrics statements="1" coveredstatements="1" conditionals="0" coveredconditionals="0" methods="1" coveredmethods="1"/>
        <line num="4" count="3" type="stmt"/>
      </file>
    </package>
    <package name="src.core.services">
      <metrics statements="35" coveredstatements="35" conditionals="16" coveredconditionals="16" methods="13" coveredmethods="13"/>
      <file name="profileService.ts" path="C:\Users\mati_\Documents\27-01-2026\ConceGas_react-main\src\core\services\profileService.ts">
        <metrics statements="35" coveredstatements="35" conditionals="16" coveredconditionals="16" methods="13" coveredmethods="13"/>
        <line num="5" count="1" type="stmt"/>
        <line num="11" count="1" type="stmt"/>
        <line num="14" count="1" type="stmt"/>
        <line num="15" count="17" type="stmt"/>
        <line num="16" count="17" type="cond" truecount="2" falsecount="0"/>
        <line num="17" count="10" type="stmt"/>
        <line num="19" count="7" type="stmt"/>
        <line num="23" count="1" type="stmt"/>
        <line num="24" count="15" type="stmt"/>
        <line num="27" count="1" type="stmt"/>
        <line num="29" count="17" type="stmt"/>
        <line num="30" count="17" type="cond" truecount="2" falsecount="0"/>
        <line num="31" count="7" type="stmt"/>
        <line num="32" count="7" type="stmt"/>
        <line num="34" count="10" type="stmt"/>
        <line num="38" count="4" type="stmt"/>
        <line num="39" count="15" type="stmt"/>
        <line num="43" count="8" type="stmt"/>
        <line num="44" count="25" type="cond" truecount="2" falsecount="0"/>
        <line num="45" count="1" type="stmt"/>
        <line num="47" count="7" type="cond" truecount="2" falsecount="0"/>
        <line num="48" count="1" type="stmt"/>
        <line num="50" count="6" type="stmt"/>
        <line num="51" count="6" type="stmt"/>
        <line num="55" count="2" type="stmt"/>
        <line num="57" count="2" type="cond" truecount="4" falsecount="0"/>
        <line num="58" count="1" type="stmt"/>
        <line num="61" count="1" type="stmt"/>
        <line num="62" count="4" type="cond" truecount="2" falsecount="0"/>
        <line num="64" count="1" type="stmt"/>
        <line num="68" count="1" type="stmt"/>
        <line num="70" count="4" type="stmt"/>
        <line num="71" count="1" type="stmt"/>
        <line num="77" count="2" type="stmt"/>
        <line num="79" count="8" type="cond" truecount="2" falsecount="0"/>
      </file>
    </package>
    <package name="src.core.utils">
      <metrics statements="7" coveredstatements="7" conditionals="4" coveredconditionals="4" methods="2" coveredmethods="2"/>
      <file name="validationUtils.ts" path="C:\Users\mati_\Documents\27-01-2026\ConceGas_react-main\src\core\utils\validationUtils.ts">
        <metrics statements="7" coveredstatements="7" conditionals="4" coveredconditionals="4" methods="2" coveredmethods="2"/>
        <line num="1" count="2" type="stmt"/>
        <line num="3" count="14" type="stmt"/>
        <line num="6" count="14" type="stmt"/>
        <line num="8" count="14" type="stmt"/>
        <line num="11" count="2" type="stmt"/>
        <line num="12" count="5" type="cond" truecount="4" falsecount="0"/>
        <line num="14" count="4" type="stmt"/>
      </file>
    </package>
  </project>
</coverage>
