{"D:\\Matias Baez\\ConceGas_react-main\\src\\utils\\formatters.ts": {"path":"D:\\Matias Baez\\ConceGas_react-main\\src\\utils\\formatters.ts","statementMap":{"0":{"start":{"line":2,"column":27},"end":{"line":15,"column":null}},"1":{"start":{"line":4,"column":24},"end":{"line":4,"column":null}},"2":{"start":{"line":6,"column":4},"end":{"line":6,"column":null}},"3":{"start":{"line":6,"column":22},"end":{"line":6,"column":null}},"4":{"start":{"line":9,"column":24},"end":{"line":9,"column":null}},"5":{"start":{"line":10,"column":4},"end":{"line":14,"column":null}},"6":{"start":{"line":17,"column":26},"end":{"line":21,"column":null}},"7":{"start":{"line":19,"column":26},"end":{"line":19,"column":null}},"8":{"start":{"line":20,"column":4},"end":{"line":20,"column":null}}},"fnMap":{"0":{"name":"(anonymous_0)","decl":{"start":{"line":2,"column":27},"end":{"line":2,"column":28}},"loc":{"start":{"line":2,"column":28},"end":{"line":15,"column":null}},"line":2},"1":{"name":"(anonymous_1)","decl":{"start":{"line":17,"column":26},"end":{"line":17,"column":27}},"loc":{"start":{"line":17,"column":27},"end":{"line":21,"column":null}},"line":17}},"branchMap":{"0":{"loc":{"start":{"line":6,"column":4},"end":{"line":6,"column":null}},"type":"if","locations":[{"start":{"line":6,"column":4},"end":{"line":6,"column":null}},{"start":{},"end":{}}],"line":6},"1":{"loc":{"start":{"line":20,"column":11},"end":{"line":20,"column":null}},"type":"binary-expr","locations":[{"start":{"line":20,"column":11},"end":{"line":20,"column":42}},{"start":{"line":20,"column":42},"end":{"line":20,"column":null}}],"line":20}},"s":{"0":1,"1":3,"2":3,"3":1,"4":2,"5":2,"6":1,"7":3,"8":3},"f":{"0":3,"1":3},"b":{"0":[1,2],"1":[3,1]},"meta":{"lastBranch":2,"lastFunction":2,"lastStatement":9,"seen":{"s:2:27:15:Infinity":0,"f:2:27:2:28":0,"s:4:24:4:Infinity":1,"b:6:4:6:Infinity:undefined:undefined:undefined:undefined":0,"s:6:4:6:Infinity":2,"s:6:22:6:Infinity":3,"s:9:24:9:Infinity":4,"s:10:4:14:Infinity":5,"s:17:26:21:Infinity":6,"f:17:26:17:27":1,"s:19:26:19:Infinity":7,"s:20:4:20:Infinity":8,"b:20:11:20:42:20:42:20:Infinity":1}}}
}
