{"C:\\Users\\mati_\\Documents\\27-01-2026\\ConceGas_react-main\\public\\data\\perfiles.json": {"path":"C:\\Users\\mati_\\Documents\\27-01-2026\\ConceGas_react-main\\public\\data\\perfiles.json","statementMap":{},"fnMap":{},"branchMap":{},"s":{},"f":{},"b":{},"meta":{"lastBranch":0,"lastFunction":0,"lastStatement":0,"seen":{}}}
,"C:\\Users\\mati_\\Documents\\27-01-2026\\ConceGas_react-main\\src\\components\\layout\\Footer.tsx": {"path":"C:\\Users\\mati_\\Documents\\27-01-2026\\ConceGas_react-main\\src\\components\\layout\\Footer.tsx","statementMap":{"0":{"start":{"line":4,"column":4},"end":{"line":42,"column":null}}},"fnMap":{"0":{"name":"Footer","decl":{"start":{"line":3,"column":9},"end":{"line":3,"column":null}},"loc":{"start":{"line":3,"column":9},"end":{"line":49,"column":null}},"line":3}},"branchMap":{},"s":{"0":3},"f":{"0":3},"b":{},"meta":{"lastBranch":0,"lastFunction":1,"lastStatement":1,"seen":{"f:3:9:3:Infinity":0,"s:4:4:42:Infinity":0}}}
,"C:\\Users\\mati_\\Documents\\27-01-2026\\ConceGas_react-main\\src\\core\\services\\profileService.ts": {"path":"C:\\Users\\mati_\\Documents\\27-01-2026\\ConceGas_react-main\\src\\core\\services\\profileService.ts","statementMap":{"0":{"start":{"line":5,"column":20},"end":{"line":5,"column":null}},"1":{"start":{"line":11,"column":37},"end":{"line":11,"column":null}},"2":{"start":{"line":14,"column":23},"end":{"line":20,"column":null}},"3":{"start":{"line":15,"column":19},"end":{"line":15,"column":null}},"4":{"start":{"line":16,"column":4},"end":{"line":18,"column":null}},"5":{"start":{"line":17,"column":8},"end":{"line":17,"column":null}},"6":{"start":{"line":19,"column":4},"end":{"line":19,"column":null}},"7":{"start":{"line":23,"column":23},"end":{"line":25,"column":null}},"8":{"start":{"line":24,"column":4},"end":{"line":24,"column":null}},"9":{"start":{"line":27,"column":30},"end":{"line":81,"column":null}},"10":{"start":{"line":29,"column":23},"end":{"line":29,"column":null}},"11":{"start":{"line":30,"column":8},"end":{"line":33,"column":null}},"12":{"start":{"line":31,"column":12},"end":{"line":31,"column":null}},"13":{"start":{"line":32,"column":12},"end":{"line":32,"column":null}},"14":{"start":{"line":34,"column":8},"end":{"line":34,"column":null}},"15":{"start":{"line":38,"column":22},"end":{"line":38,"column":null}},"16":{"start":{"line":39,"column":8},"end":{"line":39,"column":null}},"17":{"start":{"line":39,"column":31},"end":{"line":39,"column":null}},"18":{"start":{"line":43,"column":22},"end":{"line":43,"column":null}},"19":{"start":{"line":44,"column":8},"end":{"line":46,"column":null}},"20":{"start":{"line":44,"column":28},"end":{"line":44,"column":46}},"21":{"start":{"line":45,"column":12},"end":{"line":45,"column":null}},"22":{"start":{"line":47,"column":8},"end":{"line":49,"column":null}},"23":{"start":{"line":48,"column":12},"end":{"line":48,"column":null}},"24":{"start":{"line":50,"column":8},"end":{"line":50,"column":null}},"25":{"start":{"line":51,"column":8},"end":{"line":51,"column":null}},"26":{"start":{"line":55,"column":20},"end":{"line":55,"column":null}},"27":{"start":{"line":57,"column":8},"end":{"line":59,"column":null}},"28":{"start":{"line":58,"column":12},"end":{"line":58,"column":null}},"29":{"start":{"line":61,"column":8},"end":{"line":62,"column":null}},"30":{"start":{"line":62,"column":12},"end":{"line":62,"column":null}},"31":{"start":{"line":64,"column":8},"end":{"line":64,"column":null}},"32":{"start":{"line":68,"column":20},"end":{"line":68,"column":null}},"33":{"start":{"line":70,"column":8},"end":{"line":70,"column":null}},"34":{"start":{"line":70,"column":34},"end":{"line":70,"column":null}},"35":{"start":{"line":71,"column":8},"end":{"line":71,"column":null}},"36":{"start":{"line":77,"column":22},"end":{"line":77,"column":null}},"37":{"start":{"line":79,"column":8},"end":{"line":79,"column":null}},"38":{"start":{"line":79,"column":31},"end":{"line":79,"column":null}}},"fnMap":{"0":{"name":"(anonymous_0)","decl":{"start":{"line":14,"column":23},"end":{"line":14,"column":null}},"loc":{"start":{"line":14,"column":23},"end":{"line":20,"column":null}},"line":14},"1":{"name":"(anonymous_1)","decl":{"start":{"line":23,"column":23},"end":{"line":23,"column":24}},"loc":{"start":{"line":23,"column":24},"end":{"line":25,"column":null}},"line":23},"2":{"name":"(anonymous_2)","decl":{"start":{"line":28,"column":12},"end":{"line":28,"column":null}},"loc":{"start":{"line":28,"column":12},"end":{"line":35,"column":null}},"line":28},"3":{"name":"(anonymous_3)","decl":{"start":{"line":37,"column":14},"end":{"line":37,"column":15}},"loc":{"start":{"line":37,"column":15},"end":{"line":40,"column":null}},"line":37},"4":{"name":"(anonymous_4)","decl":{"start":{"line":39,"column":26},"end":{"line":39,"column":31}},"loc":{"start":{"line":39,"column":31},"end":{"line":39,"column":null}},"line":39},"5":{"name":"(anonymous_5)","decl":{"start":{"line":42,"column":12},"end":{"line":42,"column":13}},"loc":{"start":{"line":42,"column":13},"end":{"line":52,"column":null}},"line":42},"6":{"name":"(anonymous_6)","decl":{"start":{"line":44,"column":23},"end":{"line":44,"column":28}},"loc":{"start":{"line":44,"column":28},"end":{"line":44,"column":46}},"line":44},"7":{"name":"(anonymous_7)","decl":{"start":{"line":54,"column":12},"end":{"line":54,"column":13}},"loc":{"start":{"line":54,"column":26},"end":{"line":65,"column":null}},"line":54},"8":{"name":"(anonymous_8)","decl":{"start":{"line":61,"column":26},"end":{"line":61,"column":null}},"loc":{"start":{"line":62,"column":12},"end":{"line":62,"column":null}},"line":62},"9":{"name":"(anonymous_9)","decl":{"start":{"line":67,"column":12},"end":{"line":67,"column":13}},"loc":{"start":{"line":67,"column":13},"end":{"line":72,"column":null}},"line":67},"10":{"name":"(anonymous_10)","decl":{"start":{"line":70,"column":29},"end":{"line":70,"column":34}},"loc":{"start":{"line":70,"column":34},"end":{"line":70,"column":null}},"line":70},"11":{"name":"(anonymous_11)","decl":{"start":{"line":76,"column":25},"end":{"line":76,"column":26}},"loc":{"start":{"line":76,"column":41},"end":{"line":80,"column":null}},"line":76},"12":{"name":"(anonymous_12)","decl":{"start":{"line":79,"column":26},"end":{"line":79,"column":31}},"loc":{"start":{"line":79,"column":31},"end":{"line":79,"column":null}},"line":79}},"branchMap":{"0":{"loc":{"start":{"line":16,"column":4},"end":{"line":18,"column":null}},"type":"if","locations":[{"start":{"line":16,"column":4},"end":{"line":18,"column":null}},{"start":{},"end":{}}],"line":16},"1":{"loc":{"start":{"line":30,"column":8},"end":{"line":33,"column":null}},"type":"if","locations":[{"start":{"line":30,"column":8},"end":{"line":33,"column":null}},{"start":{},"end":{}}],"line":30},"2":{"loc":{"start":{"line":44,"column":8},"end":{"line":46,"column":null}},"type":"if","locations":[{"start":{"line":44,"column":8},"end":{"line":46,"column":null}},{"start":{},"end":{}}],"line":44},"3":{"loc":{"start":{"line":47,"column":8},"end":{"line":49,"column":null}},"type":"if","locations":[{"start":{"line":47,"column":8},"end":{"line":49,"column":null}},{"start":{},"end":{}}],"line":47},"4":{"loc":{"start":{"line":57,"column":8},"end":{"line":59,"column":null}},"type":"if","locations":[{"start":{"line":57,"column":8},"end":{"line":59,"column":null}},{"start":{},"end":{}}],"line":57},"5":{"loc":{"start":{"line":57,"column":12},"end":{"line":57,"column":80}},"type":"binary-expr","locations":[{"start":{"line":57,"column":12},"end":{"line":57,"column":32}},{"start":{"line":57,"column":36},"end":{"line":57,"column":80}}],"line":57},"6":{"loc":{"start":{"line":62,"column":12},"end":{"line":62,"column":null}},"type":"cond-expr","locations":[{"start":{"line":62,"column":28},"end":{"line":62,"column":55}},{"start":{"line":62,"column":55},"end":{"line":62,"column":null}}],"line":62},"7":{"loc":{"start":{"line":79,"column":31},"end":{"line":79,"column":null}},"type":"binary-expr","locations":[{"start":{"line":79,"column":31},"end":{"line":79,"column":80}},{"start":{"line":79,"column":80},"end":{"line":79,"column":null}}],"line":79}},"s":{"0":1,"1":1,"2":1,"3":17,"4":17,"5":10,"6":7,"7":1,"8":15,"9":1,"10":17,"11":17,"12":7,"13":7,"14":10,"15":4,"16":4,"17":15,"18":8,"19":8,"20":25,"21":1,"22":7,"23":1,"24":6,"25":6,"26":2,"27":2,"28":1,"29":1,"30":4,"31":1,"32":1,"33":1,"34":4,"35":1,"36":2,"37":2,"38":8},"f":{"0":17,"1":15,"2":17,"3":4,"4":15,"5":8,"6":25,"7":2,"8":4,"9":1,"10":4,"11":2,"12":8},"b":{"0":[10,7],"1":[7,10],"2":[1,7],"3":[1,6],"4":[1,1],"5":[2,1],"6":[1,3],"7":[8,2]},"meta":{"lastBranch":8,"lastFunction":13,"lastStatement":39,"seen":{"s:5:20:5:Infinity":0,"s:11:37:11:Infinity":1,"s:14:23:20:Infinity":2,"f:14:23:14:Infinity":0,"s:15:19:15:Infinity":3,"b:16:4:18:Infinity:undefined:undefined:undefined:undefined":0,"s:16:4:18:Infinity":4,"s:17:8:17:Infinity":5,"s:19:4:19:Infinity":6,"s:23:23:25:Infinity":7,"f:23:23:23:24":1,"s:24:4:24:Infinity":8,"s:27:30:81:Infinity":9,"f:28:12:28:Infinity":2,"s:29:23:29:Infinity":10,"b:30:8:33:Infinity:undefined:undefined:undefined:undefined":1,"s:30:8:33:Infinity":11,"s:31:12:31:Infinity":12,"s:32:12:32:Infinity":13,"s:34:8:34:Infinity":14,"f:37:14:37:15":3,"s:38:22:38:Infinity":15,"s:39:8:39:Infinity":16,"f:39:26:39:31":4,"s:39:31:39:Infinity":17,"f:42:12:42:13":5,"s:43:22:43:Infinity":18,"b:44:8:46:Infinity:undefined:undefined:undefined:undefined":2,"s:44:8:46:Infinity":19,"f:44:23:44:28":6,"s:44:28:44:46":20,"s:45:12:45:Infinity":21,"b:47:8:49:Infinity:undefined:undefined:undefined:undefined":3,"s:47:8:49:Infinity":22,"s:48:12:48:Infinity":23,"s:50:8:50:Infinity":24,"s:51:8:51:Infinity":25,"f:54:12:54:13":7,"s:55:20:55:Infinity":26,"b:57:8:59:Infinity:undefined:undefined:undefined:undefined":4,"s:57:8:59:Infinity":27,"b:57:12:57:32:57:36:57:80":5,"s:58:12:58:Infinity":28,"s:61:8:62:Infinity":29,"f:61:26:61:Infinity":8,"s:62:12:62:Infinity":30,"b:62:28:62:55:62:55:62:Infinity":6,"s:64:8:64:Infinity":31,"f:67:12:67:13":9,"s:68:20:68:Infinity":32,"s:70:8:70:Infinity":33,"f:70:29:70:34":10,"s:70:34:70:Infinity":34,"s:71:8:71:Infinity":35,"f:76:25:76:26":11,"s:77:22:77:Infinity":36,"s:79:8:79:Infinity":37,"f:79:26:79:31":12,"s:79:31:79:Infinity":38,"b:79:31:79:80:79:80:79:Infinity":7}}}
,"C:\\Users\\mati_\\Documents\\27-01-2026\\ConceGas_react-main\\src\\core\\utils\\validationUtils.ts": {"path":"C:\\Users\\mati_\\Documents\\27-01-2026\\ConceGas_react-main\\src\\core\\utils\\validationUtils.ts","statementMap":{"0":{"start":{"line":1,"column":35},"end":{"line":9,"column":null}},"1":{"start":{"line":3,"column":23},"end":{"line":3,"column":null}},"2":{"start":{"line":6,"column":18},"end":{"line":6,"column":null}},"3":{"start":{"line":8,"column":4},"end":{"line":8,"column":null}},"4":{"start":{"line":11,"column":26},"end":{"line":15,"column":null}},"5":{"start":{"line":12,"column":4},"end":{"line":12,"column":null}},"6":{"start":{"line":12,"column":32},"end":{"line":12,"column":null}},"7":{"start":{"line":14,"column":4},"end":{"line":14,"column":null}}},"fnMap":{"0":{"name":"(anonymous_0)","decl":{"start":{"line":1,"column":35},"end":{"line":1,"column":36}},"loc":{"start":{"line":1,"column":36},"end":{"line":9,"column":null}},"line":1},"1":{"name":"(anonymous_1)","decl":{"start":{"line":11,"column":26},"end":{"line":11,"column":27}},"loc":{"start":{"line":11,"column":27},"end":{"line":15,"column":null}},"line":11}},"branchMap":{"0":{"loc":{"start":{"line":12,"column":4},"end":{"line":12,"column":null}},"type":"if","locations":[{"start":{"line":12,"column":4},"end":{"line":12,"column":null}},{"start":{},"end":{}}],"line":12},"1":{"loc":{"start":{"line":12,"column":8},"end":{"line":12,"column":32}},"type":"binary-expr","locations":[{"start":{"line":12,"column":8},"end":{"line":12,"column":16}},{"start":{"line":12,"column":16},"end":{"line":12,"column":32}}],"line":12}},"s":{"0":2,"1":14,"2":14,"3":14,"4":2,"5":5,"6":1,"7":4},"f":{"0":14,"1":5},"b":{"0":[1,4],"1":[5,4]},"meta":{"lastBranch":2,"lastFunction":2,"lastStatement":8,"seen":{"s:1:35:9:Infinity":0,"f:1:35:1:36":0,"s:3:23:3:Infinity":1,"s:6:18:6:Infinity":2,"s:8:4:8:Infinity":3,"s:11:26:15:Infinity":4,"f:11:26:11:27":1,"b:12:4:12:Infinity:undefined:undefined:undefined:undefined":0,"s:12:4:12:Infinity":5,"b:12:8:12:16:12:16:12:32":1,"s:12:32:12:Infinity":6,"s:14:4:14:Infinity":7}}}
}
